{"E:\\Learning\\react-testing\\src\\components\\greet\\index.tsx": {"path":"E:\\Learning\\react-testing\\src\\components\\greet\\index.tsx","statementMap":{"0":{"start":{"line":3,"column":13},"end":{"line":5,"column":null}},"1":{"start":{"line":4,"column":4},"end":{"line":5,"column":null}}},"fnMap":{"0":{"name":"(anonymous_0)","decl":{"start":{"line":3,"column":13},"end":{"line":3,"column":22}},"loc":{"start":{"line":3,"column":47},"end":{"line":5,"column":null}},"line":3}},"branchMap":{"0":{"loc":{"start":{"line":5,"column":20},"end":{"line":5,"column":48}},"type":"cond-expr","locations":[{"start":{"line":5,"column":27},"end":{"line":5,"column":34}},{"start":{"line":5,"column":34},"end":{"line":5,"column":48}}],"line":5}},"s":{"0":1,"1":1},"f":{"0":1},"b":{"0":[0,1]},"meta":{"lastBranch":1,"lastFunction":1,"lastStatement":2,"seen":{"s:3:13:5:Infinity":0,"f:3:13:3:22":0,"s:4:4:5:Infinity":1,"b:5:27:5:34:5:34:5:48":0}}}
}
